TN:
SF:src/services/root-reducer.ts
FNF:0
FNH:0
DA:1,1
DA:2,1
DA:3,1
DA:4,1
DA:5,1
DA:6,1
DA:7,1
DA:8,1
DA:9,1
DA:10,1
DA:11,1
DA:12,1
LF:12
LH:12
BRF:0
BRH:0
end_of_record
TN:
SF:src/services/burger-constructor/slice.ts
FN:19,reducer
FN:26,prepare
FN:30,removeItem
FN:35,moveDown
FN:41,moveUp
FN:47,clearConstructor
FN:53,selectConstructorItems
FNF:7
FNH:7
FNDA:9,reducer
FNDA:9,prepare
FNDA:1,removeItem
FNDA:1,moveDown
FNDA:1,moveUp
FNDA:1,clearConstructor
FNDA:1,selectConstructorItems
DA:1,1
DA:2,1
DA:3,1
DA:4,1
DA:5,1
DA:6,1
DA:7,1
DA:8,1
DA:9,1
DA:10,1
DA:11,1
DA:12,1
DA:13,1
DA:14,1
DA:15,1
DA:16,1
DA:17,1
DA:18,1
DA:19,1
DA:20,9
DA:21,2
DA:22,9
DA:23,7
DA:24,7
DA:25,1
DA:26,1
DA:27,1
DA:28,1
DA:29,1
DA:30,1
DA:31,1
DA:32,1
DA:33,1
DA:34,1
DA:35,1
DA:36,1
DA:37,1
DA:38,1
DA:39,1
DA:40,1
DA:41,1
DA:42,1
DA:43,1
DA:44,1
DA:45,1
DA:46,1
DA:47,1
DA:48,1
DA:49,1
DA:50,1
DA:51,1
DA:52,1
DA:53,1
DA:54,1
DA:55,1
DA:56,1
DA:57,1
DA:58,1
DA:59,1
LF:59
LH:59
BRDA:19,0,0,9
BRDA:20,1,0,2
BRDA:22,2,0,7
BRDA:26,3,0,9
BRDA:30,4,0,1
BRDA:32,5,0,1
BRDA:35,6,0,1
BRDA:41,7,0,1
BRDA:47,8,0,1
BRDA:53,9,0,1
BRF:10
BRH:10
end_of_record
TN:
SF:src/services/feeds/action.ts
FNF:0
FNH:0
DA:1,1
DA:2,1
DA:3,1
DA:4,1
LF:4
LH:4
BRF:0
BRH:0
end_of_record
TN:
SF:src/services/feeds/slice.ts
FN:22,extraReducers
FN:40,selectIsLoading
FN:41,selectOrders
FN:42,selectTotal
FN:43,selectTotalToday
FNF:5
FNH:5
FNDA:2,extraReducers
FNDA:2,selectIsLoading
FNDA:2,selectOrders
FNDA:1,selectTotal
FNDA:1,selectTotalToday
DA:1,1
DA:2,1
DA:3,1
DA:4,1
DA:5,1
DA:6,1
DA:7,1
DA:8,1
DA:9,1
DA:10,1
DA:11,1
DA:12,1
DA:13,1
DA:14,1
DA:15,1
DA:16,1
DA:17,1
DA:18,1
DA:19,1
DA:20,1
DA:21,1
DA:22,1
DA:23,2
DA:24,2
DA:25,3
DA:26,3
DA:27,2
DA:28,2
DA:29,1
DA:30,1
DA:31,2
DA:32,2
DA:33,4
DA:34,4
DA:35,4
DA:36,4
DA:37,2
DA:38,1
DA:39,1
DA:40,1
DA:41,1
DA:42,1
DA:43,1
DA:44,1
DA:45,1
DA:46,1
DA:47,1
DA:48,1
LF:48
LH:48
BRDA:22,0,0,2
BRDA:24,1,0,3
BRDA:28,2,0,1
BRDA:32,3,0,4
BRDA:40,4,0,2
BRDA:41,5,0,2
BRDA:42,6,0,1
BRDA:43,7,0,1
BRF:8
BRH:8
end_of_record
TN:
SF:src/services/ingredients/action.ts
FNF:0
FNH:0
DA:1,1
DA:2,1
DA:3,1
DA:4,1
DA:5,1
DA:6,1
DA:7,1
LF:7
LH:7
BRF:0
BRH:0
end_of_record
TN:
SF:src/services/ingredients/slice.ts
FN:21,extraReducers
FN:37,selectIngredients
FN:38,selectIsLoading
FNF:3
FNH:3
FNDA:2,extraReducers
FNDA:1,selectIngredients
FNDA:2,selectIsLoading
DA:1,1
DA:2,1
DA:3,1
DA:4,1
DA:5,1
DA:6,1
DA:7,1
DA:8,1
DA:9,1
DA:10,1
DA:11,1
DA:12,1
DA:13,1
DA:14,1
DA:15,1
DA:16,1
DA:17,1
DA:18,1
DA:19,1
DA:20,1
DA:21,1
DA:22,2
DA:23,2
DA:24,3
DA:25,3
DA:26,2
DA:27,2
DA:28,1
DA:29,1
DA:30,2
DA:31,2
DA:32,2
DA:33,2
DA:34,2
DA:35,1
DA:36,1
DA:37,1
DA:38,1
DA:39,1
DA:40,1
DA:41,1
DA:42,1
DA:43,1
LF:43
LH:43
BRDA:21,0,0,2
BRDA:23,1,0,3
BRDA:27,2,0,1
BRDA:31,3,0,2
BRDA:37,4,0,1
BRDA:38,5,0,2
BRF:6
BRH:6
end_of_record
TN:
SF:src/services/user/actions.ts
FNF:0
FNH:0
DA:1,1
DA:2,1
DA:3,1
DA:4,1
DA:5,1
DA:6,1
DA:7,1
DA:8,1
DA:9,1
DA:10,1
DA:11,1
DA:12,1
DA:13,1
DA:14,1
DA:15,1
DA:16,1
DA:17,1
DA:18,1
DA:19,2
DA:20,2
DA:21,0
DA:22,0
DA:23,2
DA:24,2
DA:25,2
DA:26,2
DA:27,1
DA:28,1
DA:29,1
DA:30,1
DA:31,1
DA:32,1
DA:33,1
DA:34,0
DA:35,0
DA:36,0
DA:37,0
DA:38,0
DA:39,0
DA:40,0
DA:41,1
DA:42,1
DA:43,1
DA:44,1
DA:45,1
DA:46,1
DA:47,1
DA:48,1
DA:49,1
DA:50,1
DA:51,1
DA:52,1
DA:53,1
DA:54,1
DA:55,1
DA:56,1
DA:57,0
DA:58,0
DA:59,0
DA:60,1
DA:61,1
DA:62,1
DA:63,1
DA:64,1
DA:65,1
DA:66,1
DA:67,1
DA:68,1
DA:69,1
DA:70,1
LF:70
LH:58
BRDA:18,0,0,2
BRDA:19,1,0,2
BRDA:20,2,0,0
BRDA:20,3,0,0
BRDA:45,4,0,1
BRDA:45,5,0,1
BRDA:45,6,0,1
BRDA:48,7,0,1
BRDA:48,8,0,1
BRDA:49,9,0,1
BRF:10
BRH:8
end_of_record
TN:
SF:src/services/user/slice.ts
FN:41,authChecked
FN:44,resetOrderState
FN:50,selectUser
FN:51,selectAuthChecked
FN:52,selectError
FN:53,selectIsLoading
FN:54,selectIsAuthenticated
FN:55,selectOrderModalData
FN:56,selectOrderRequest
FN:57,selectUserOrders
FN:58,selectOrder
FN:60,extraReducers
FNF:12
FNH:10
FNDA:0,authChecked
FNDA:0,resetOrderState
FNDA:1,selectUser
FNDA:1,selectAuthChecked
FNDA:1,selectError
FNDA:1,selectIsLoading
FNDA:1,selectIsAuthenticated
FNDA:1,selectOrderModalData
FNDA:1,selectOrderRequest
FNDA:1,selectUserOrders
FNDA:1,selectOrder
FNDA:2,extraReducers
DA:1,1
DA:2,1
DA:3,1
DA:4,1
DA:5,1
DA:6,1
DA:7,1
DA:8,1
DA:9,1
DA:10,1
DA:11,1
DA:12,1
DA:13,1
DA:14,1
DA:15,1
DA:16,1
DA:17,1
DA:18,1
DA:19,1
DA:20,1
DA:21,1
DA:22,1
DA:23,1
DA:24,1
DA:25,1
DA:26,1
DA:27,1
DA:28,1
DA:29,1
DA:30,1
DA:31,1
DA:32,1
DA:33,1
DA:34,1
DA:35,1
DA:36,1
DA:37,1
DA:38,1
DA:39,1
DA:40,1
DA:41,1
DA:42,0
DA:43,1
DA:44,1
DA:45,0
DA:46,0
DA:47,0
DA:48,1
DA:49,1
DA:50,1
DA:51,1
DA:52,1
DA:53,1
DA:54,1
DA:55,1
DA:56,1
DA:57,1
DA:58,1
DA:59,1
DA:60,1
DA:61,2
DA:62,2
DA:63,2
DA:64,2
DA:65,2
DA:66,2
DA:67,0
DA:68,0
DA:69,0
DA:70,2
DA:71,2
DA:72,2
DA:73,2
DA:74,2
DA:75,2
DA:76,2
DA:77,2
DA:78,1
DA:79,1
DA:80,1
DA:81,2
DA:82,2
DA:83,1
DA:84,2
DA:85,2
DA:86,1
DA:87,2
DA:88,2
DA:89,0
DA:90,2
DA:91,2
DA:92,1
DA:93,1
DA:94,2
DA:95,2
DA:96,0
DA:97,0
DA:98,2
DA:99,2
DA:100,0
DA:101,0
DA:102,2
DA:103,2
DA:104,0
DA:105,0
DA:106,2
DA:107,2
DA:108,0
DA:109,2
DA:110,2
DA:111,0
DA:112,0
DA:113,2
DA:114,2
DA:115,0
DA:116,0
DA:117,2
DA:118,2
DA:119,0
DA:120,0
DA:121,2
DA:122,2
DA:123,1
DA:124,1
DA:125,1
DA:126,1
DA:127,1
DA:128,1
DA:129,1
DA:130,1
DA:131,1
DA:132,1
DA:133,1
DA:134,1
DA:135,1
DA:136,1
LF:136
LH:115
BRDA:50,0,0,1
BRDA:51,1,0,1
BRDA:52,2,0,1
BRDA:53,3,0,1
BRDA:54,4,0,1
BRDA:55,5,0,1
BRDA:56,6,0,1
BRDA:57,7,0,1
BRDA:58,8,0,1
BRDA:60,9,0,2
BRDA:62,10,0,2
BRDA:71,11,0,2
BRDA:77,12,0,1
BRDA:82,13,0,1
BRDA:85,14,0,1
BRDA:91,15,0,1
BRF:16
BRH:16
end_of_record
TN:
SF:src/utils/burger-api.ts
FN:6,checkResponse
FN:18,refreshToken
FN:38,fetchWithRefresh
FN:74,getIngredientsApi
FN:82,getFeedsApi
FN:90,getOrdersApi
FN:107,orderBurgerApi
FN:126,getOrderByNumberApi
FN:146,registerUserApi
FN:165,loginUserApi
FN:179,forgotPasswordApi
FN:193,resetPasswordApi
FN:209,getUserApi
FN:216,updateUserApi
FN:226,logoutApi
FNF:15
FNH:0
FNDA:0,checkResponse
FNDA:0,refreshToken
FNDA:0,fetchWithRefresh
FNDA:0,getIngredientsApi
FNDA:0,getFeedsApi
FNDA:0,getOrdersApi
FNDA:0,orderBurgerApi
FNDA:0,getOrderByNumberApi
FNDA:0,registerUserApi
FNDA:0,loginUserApi
FNDA:0,forgotPasswordApi
FNDA:0,resetPasswordApi
FNDA:0,getUserApi
FNDA:0,updateUserApi
FNDA:0,logoutApi
DA:1,1
DA:2,1
DA:3,1
DA:4,1
DA:5,1
DA:6,1
DA:7,0
DA:8,1
DA:9,1
DA:10,1
DA:11,1
DA:12,1
DA:13,1
DA:14,1
DA:15,1
DA:16,1
DA:17,1
DA:18,1
DA:19,0
DA:20,0
DA:21,0
DA:22,0
DA:23,0
DA:24,0
DA:25,0
DA:26,0
DA:27,0
DA:28,0
DA:29,0
DA:30,0
DA:31,0
DA:32,0
DA:33,0
DA:34,0
DA:35,0
DA:36,0
DA:37,1
DA:38,1
DA:39,0
DA:40,0
DA:41,0
DA:42,0
DA:43,0
DA:44,0
DA:45,0
DA:46,0
DA:47,0
DA:48,0
DA:49,0
DA:50,0
DA:51,0
DA:52,0
DA:53,0
DA:54,0
DA:55,0
DA:56,0
DA:57,0
DA:58,0
DA:59,1
DA:60,1
DA:61,1
DA:62,1
DA:63,1
DA:64,1
DA:65,1
DA:66,1
DA:67,1
DA:68,1
DA:69,1
DA:70,1
DA:71,1
DA:72,1
DA:73,1
DA:74,1
DA:75,0
DA:76,0
DA:77,0
DA:78,0
DA:79,0
DA:80,0
DA:81,1
DA:82,1
DA:83,0
DA:84,0
DA:85,0
DA:86,0
DA:87,0
DA:88,0
DA:89,1
DA:90,1
DA:91,0
DA:92,0
DA:93,0
DA:94,0
DA:95,0
DA:96,0
DA:97,0
DA:98,0
DA:99,0
DA:100,0
DA:101,1
DA:102,1
DA:103,1
DA:104,1
DA:105,1
DA:106,1
DA:107,1
DA:108,0
DA:109,0
DA:110,0
DA:111,0
DA:112,0
DA:113,0
DA:114,0
DA:115,0
DA:116,0
DA:117,0
DA:118,0
DA:119,0
DA:120,0
DA:121,1
DA:122,1
DA:123,1
DA:124,1
DA:125,1
DA:126,1
DA:127,0
DA:128,0
DA:129,0
DA:130,0
DA:131,0
DA:132,0
DA:133,1
DA:134,1
DA:135,1
DA:136,1
DA:137,1
DA:138,1
DA:139,1
DA:140,1
DA:141,1
DA:142,1
DA:143,1
DA:144,1
DA:145,1
DA:146,1
DA:147,0
DA:148,0
DA:149,0
DA:150,0
DA:151,0
DA:152,0
DA:153,0
DA:154,0
DA:155,0
DA:156,0
DA:157,0
DA:158,0
DA:159,1
DA:160,1
DA:161,1
DA:162,1
DA:163,1
DA:164,1
DA:165,1
DA:166,0
DA:167,0
DA:168,0
DA:169,0
DA:170,0
DA:171,0
DA:172,0
DA:173,0
DA:174,0
DA:175,0
DA:176,0
DA:177,0
DA:178,1
DA:179,1
DA:180,0
DA:181,0
DA:182,0
DA:183,0
DA:184,0
DA:185,0
DA:186,0
DA:187,0
DA:188,0
DA:189,0
DA:190,0
DA:191,0
DA:192,1
DA:193,1
DA:194,0
DA:195,0
DA:196,0
DA:197,0
DA:198,0
DA:199,0
DA:200,0
DA:201,0
DA:202,0
DA:203,0
DA:204,0
DA:205,0
DA:206,1
DA:207,1
DA:208,1
DA:209,1
DA:210,0
DA:211,0
DA:212,0
DA:213,0
DA:214,0
DA:215,1
DA:216,1
DA:217,0
DA:218,0
DA:219,0
DA:220,0
DA:221,0
DA:222,0
DA:223,0
DA:224,0
DA:225,1
DA:226,1
DA:227,0
DA:228,0
DA:229,0
DA:230,0
DA:231,0
DA:232,0
DA:233,0
DA:234,0
DA:235,0
LF:235
LH:85
BRF:0
BRH:0
end_of_record
TN:
SF:src/utils/cookie.ts
FN:1,getCookie
FN:13,setCookie
FN:47,deleteCookie
FNF:3
FNH:3
FNDA:2,getCookie
FNDA:5,setCookie
FNDA:2,deleteCookie
DA:1,2
DA:2,2
DA:3,2
DA:4,2
DA:5,2
DA:6,2
DA:7,2
DA:8,2
DA:9,2
DA:10,2
DA:11,2
DA:12,1
DA:13,5
DA:14,5
DA:15,5
DA:16,5
DA:17,5
DA:18,5
DA:19,5
DA:20,5
DA:21,5
DA:22,5
DA:23,5
DA:24,5
DA:25,5
DA:26,5
DA:27,3
DA:28,3
DA:29,3
DA:30,3
DA:31,5
DA:32,5
DA:33,3
DA:34,3
DA:35,5
DA:36,5
DA:37,5
DA:38,18
DA:39,18
DA:40,18
DA:41,13
DA:42,13
DA:43,18
DA:44,5
DA:45,5
DA:46,1
DA:47,2
DA:48,2
DA:49,2
LF:49
LH:49
BRDA:1,0,0,2
BRDA:10,1,0,1
BRDA:10,2,0,1
BRDA:13,3,0,5
BRDA:16,4,0,2
BRDA:26,5,0,3
BRDA:26,6,0,3
BRDA:32,7,0,3
BRDA:32,8,0,3
BRDA:37,9,0,18
BRDA:40,10,0,13
BRDA:47,11,0,2
BRF:12
BRH:12
end_of_record
